2016-07-22 17:19:27 Query: SELECT * FROM movie_category MovieCategory     
2016-07-22 17:19:27 Query: SELECT * FROM movie Movie  INNER JOIN movie_category ON movie.category_id = movie_category.id     
2016-07-22 17:19:41 Query: SELECT * FROM movie_category MovieCategory     
2016-07-22 17:19:41 Query: SELECT * FROM movie Movie  INNER JOIN movie_category ON movie.category_id = movie_category.id     
2016-07-22 17:21:20 Query: SELECT * FROM user User   WHERE  email = 'admin' AND  password = 'c405d2d6643ef80aa147253952fa0480bdbe039a'   
2016-07-22 17:21:23 Query: SELECT * FROM user User   WHERE  email = 'admin' AND  password = 'c405d2d6643ef80aa147253952fa0480bdbe039a'   
2016-07-22 17:21:58 Query: SELECT * FROM user User   WHERE  email = 'admin' AND  password = 'c405d2d6643ef80aa147253952fa0480bdbe039a'   
2016-07-22 17:22:02 Query: SELECT * FROM user User   WHERE  email = 'admin' AND  password = 'c405d2d6643ef80aa147253952fa0480bdbe039a'   
2016-07-22 17:22:53 Query: SELECT * FROM user User   WHERE  email = 'admin' AND  password = 'c405d2d6643ef80aa147253952fa0480bdbe039a'   
2016-07-22 17:22:53 Query: SELECT * FROM user User     
2016-07-22 17:30:08 Query: SELECT * FROM user User     
2016-07-22 17:30:10 Query: SELECT * FROM movie_category MovieCategory     
2016-07-22 17:30:19 Query: INSERT INTO movie_category (title, created, modified) VALUES ('Action', '2016-07-22 17:30:19', '2016-07-22 17:30:19')
2016-07-22 17:30:19 Query: SELECT LAST_INSERT_ID() AS insertID
2016-07-22 17:30:19 Query: SELECT * FROM movie_category MovieCategory     
2016-07-22 17:30:29 Query: INSERT INTO movie_category (title, created, modified) VALUES ('Romantic', '2016-07-22 17:30:29', '2016-07-22 17:30:29')
2016-07-22 17:30:29 Query: SELECT LAST_INSERT_ID() AS insertID
2016-07-22 17:30:29 Query: SELECT * FROM movie_category MovieCategory     
2016-07-22 17:30:31 Query: SELECT * FROM movie_category MovieCategory     
2016-07-22 17:30:33 Query: SELECT * FROM movie_category MovieCategory     
2016-07-22 17:30:52 Query: INSERT INTO movie_category (title, created, modified) VALUES ('Anime', '2016-07-22 17:30:52', '2016-07-22 17:30:52')
2016-07-22 17:30:52 Query: SELECT LAST_INSERT_ID() AS insertID
2016-07-22 17:30:52 Query: SELECT * FROM movie_category MovieCategory     
2016-07-22 17:30:56 Query: SELECT * FROM movie_category MovieCategory     
2016-07-22 17:30:57 Query: SELECT * FROM movie_category MovieCategory     
2016-07-22 17:31:12 Query: SELECT * FROM movie_category MovieCategory     
2016-07-22 17:31:12 Query: SELECT * FROM movie Movie  INNER JOIN movie_category ON movie.category_id = movie_category.id     
2016-07-22 17:31:14 Query: SELECT * FROM movie_category MovieCategory     
2016-07-22 17:33:40 Query: SELECT * FROM movie_category MovieCategory     
2016-07-22 17:33:40 Query: INSERT INTO movie (title, open_date, description, trial_url, duration, director, actor, language, country, category_id, created, modified) VALUES ('&#272;&#7858;NG C&#7844;P TH⁄ C&#431;NG', '2016-07-23', '\"&#272;&#7859;ng C&#7845;p Th˙ C&#432;ng\" l‡ b&#7897; phim xoay quanh cu&#7897;c s&#7889;ng c&#7911;a nh&#7919;ng th˙ c&#432;ng trong nh‡ m&#7895;i khi ch˙ng ta t&#7841;m bi&#7879;t ch˙ng &#273;&#7875; &#273;i h&#7885;c ho&#7863;c t&#7899;i n&#417;i l‡m vi&#7879;c h‡ng ng‡y. B&#7897; phim cÛ s&#7921; tham gia l&#7891;ng ti&#7871;ng c&#7911;a c·c danh h‡i &#273;Ïnh &#273;·m nh&#432; Louis C.K., Eric Stonestreet v‡ Kevin Hart.', '2dE0XFcdjKA', '99', 'Chris Renaud, Yarrow Cheney', 'Lake Bell, Kevin Hart, Ellie Kemper', 'Ti&#7871;ng Anh - Ph&#7909; &#272;&#7873; Ti&#7871;ng Vi&#7879;t', 'VN', '1', '2016-07-22 17:33:40', '2016-07-22 17:33:40')
2016-07-22 17:33:40 Query: SELECT LAST_INSERT_ID() AS insertID
2016-07-22 17:33:40 Query: SELECT * FROM movie_category MovieCategory     
2016-07-22 17:33:40 Query: SELECT * FROM movie Movie  INNER JOIN movie_category ON movie.category_id = movie_category.id     
2016-07-22 17:33:42 Query: SELECT * FROM movie_category MovieCategory     
2016-07-22 17:33:42 Query: SELECT * FROM movie Movie  INNER JOIN movie_category ON movie.category_id = movie_category.id   WHERE  Movie.id = '1'   
2016-07-22 17:33:42 Query: SELECT * FROM calendar Calendar   WHERE  movie_id = '1'   
2016-07-22 17:34:03 Query: SELECT * FROM movie_category MovieCategory     
2016-07-22 17:34:03 Query: DELETE  FROM calendar  WHERE  movie_id = '1' AND  day = '2016-07-22'
2016-07-22 17:34:03 Query: INSERT INTO calendar (movie_id, day, time, created) VALUES ('1', '2016-07-22', '10:00', '2016-07-22 17:34:03')
2016-07-22 17:34:03 Query: SELECT LAST_INSERT_ID() AS insertID
2016-07-22 17:34:03 Query: INSERT INTO calendar (movie_id, day, time, created) VALUES ('1', '2016-07-22', '11:00', '2016-07-22 17:34:03')
2016-07-22 17:34:03 Query: SELECT LAST_INSERT_ID() AS insertID
2016-07-22 17:34:03 Query: INSERT INTO calendar (movie_id, day, time, created) VALUES ('1', '2016-07-22', '12:00', '2016-07-22 17:34:03')
2016-07-22 17:34:03 Query: SELECT LAST_INSERT_ID() AS insertID
2016-07-22 17:34:03 Query: DELETE  FROM calendar  WHERE  movie_id = '1' AND  day = '2016-07-25'
2016-07-22 17:34:03 Query: INSERT INTO calendar (movie_id, day, time, created) VALUES ('1', '2016-07-25', '10:30', '2016-07-22 17:34:03')
2016-07-22 17:34:03 Query: SELECT LAST_INSERT_ID() AS insertID
2016-07-22 17:34:03 Query: INSERT INTO calendar (movie_id, day, time, created) VALUES ('1', '2016-07-25', '14:00', '2016-07-22 17:34:03')
2016-07-22 17:34:03 Query: SELECT LAST_INSERT_ID() AS insertID
2016-07-22 17:34:03 Query: SELECT * FROM movie Movie  INNER JOIN movie_category ON movie.category_id = movie_category.id   WHERE  Movie.id = '1'   
2016-07-22 17:34:03 Query: SELECT * FROM calendar Calendar   WHERE  movie_id = '1'   
2016-07-22 17:34:03 Query: SELECT * FROM movie_category MovieCategory     
2016-07-22 17:34:03 Query: SELECT * FROM movie Movie  INNER JOIN movie_category ON movie.category_id = movie_category.id     
2016-07-22 17:34:04 Query: SELECT * FROM movie_category MovieCategory     
2016-07-22 17:34:04 Query: SELECT * FROM movie Movie  INNER JOIN movie_category ON movie.category_id = movie_category.id   WHERE  Movie.id = '1'   
2016-07-22 17:34:04 Query: SELECT * FROM calendar Calendar   WHERE  movie_id = '1'   
2016-07-22 17:34:07 Query: SELECT * FROM movie_category MovieCategory     
2016-07-22 17:34:07 Query: DELETE  FROM calendar  WHERE  movie_id = '1' AND  day = '2016-07-22'
2016-07-22 17:34:07 Query: INSERT INTO calendar (movie_id, day, time, created) VALUES ('1', '2016-07-22', '10:00', '2016-07-22 17:34:07')
2016-07-22 17:34:07 Query: SELECT LAST_INSERT_ID() AS insertID
2016-07-22 17:34:07 Query: INSERT INTO calendar (movie_id, day, time, created) VALUES ('1', '2016-07-22', '11:00', '2016-07-22 17:34:07')
2016-07-22 17:34:07 Query: SELECT LAST_INSERT_ID() AS insertID
2016-07-22 17:34:07 Query: INSERT INTO calendar (movie_id, day, time, created) VALUES ('1', '2016-07-22', '12:00', '2016-07-22 17:34:07')
2016-07-22 17:34:07 Query: SELECT LAST_INSERT_ID() AS insertID
2016-07-22 17:34:07 Query: DELETE  FROM calendar  WHERE  movie_id = '1' AND  day = '2016-07-25'
2016-07-22 17:34:07 Query: INSERT INTO calendar (movie_id, day, time, created) VALUES ('1', '2016-07-25', '10:30', '2016-07-22 17:34:07')
2016-07-22 17:34:07 Query: SELECT LAST_INSERT_ID() AS insertID
2016-07-22 17:34:07 Query: INSERT INTO calendar (movie_id, day, time, created) VALUES ('1', '2016-07-25', '14:00', '2016-07-22 17:34:07')
2016-07-22 17:34:07 Query: SELECT LAST_INSERT_ID() AS insertID
2016-07-22 17:34:07 Query: SELECT * FROM movie Movie  INNER JOIN movie_category ON movie.category_id = movie_category.id   WHERE  Movie.id = '1'   
2016-07-22 17:34:07 Query: SELECT * FROM calendar Calendar   WHERE  movie_id = '1'   
2016-07-22 17:34:07 Query: SELECT * FROM movie_category MovieCategory     
2016-07-22 17:34:07 Query: SELECT * FROM movie Movie  INNER JOIN movie_category ON movie.category_id = movie_category.id     
2016-07-22 17:34:15 Query: SELECT * FROM movie_category MovieCategory     
2016-07-22 17:34:15 Query: SELECT * FROM movie Movie  INNER JOIN movie_category ON movie.category_id = movie_category.id     
2016-07-22 17:34:17 Query: SELECT * FROM movie_category MovieCategory     
2016-07-22 17:34:17 Query: SELECT * FROM movie Movie  INNER JOIN movie_category ON movie.category_id = movie_category.id     
2016-07-22 17:34:19 Query: SELECT * FROM movie_category MovieCategory     
2016-07-22 17:34:19 Query: SELECT * FROM movie Movie  INNER JOIN movie_category ON movie.category_id = movie_category.id     
2016-07-22 17:34:21 Query: SELECT * FROM movie_category MovieCategory     
2016-07-22 17:34:21 Query: SELECT * FROM movie Movie  INNER JOIN movie_category ON movie.category_id = movie_category.id     
2016-07-22 17:34:37 Query: SELECT * FROM movie_category MovieCategory     
2016-07-22 17:34:37 Query: SELECT * FROM movie Movie  INNER JOIN movie_category ON movie.category_id = movie_category.id     
2016-07-22 17:35:02 Query: SELECT * FROM movie_category MovieCategory     
2016-07-22 17:35:02 Query: SELECT * FROM movie Movie  INNER JOIN movie_category ON movie.category_id = movie_category.id     
2016-07-22 17:35:20 Query: SELECT * FROM movie_category MovieCategory     
2016-07-22 17:35:20 Query: SELECT * FROM movie Movie  INNER JOIN movie_category ON movie.category_id = movie_category.id     
2016-07-22 17:35:22 Query: SELECT * FROM movie_category MovieCategory     
2016-07-22 17:35:22 Query: SELECT * FROM movie Movie  INNER JOIN movie_category ON movie.category_id = movie_category.id     
2016-07-22 17:35:23 Query: SELECT * FROM movie_category MovieCategory     
2016-07-22 17:35:23 Query: SELECT * FROM movie Movie  INNER JOIN movie_category ON movie.category_id = movie_category.id     
2016-07-22 17:35:31 Query: SELECT * FROM movie_category MovieCategory     
2016-07-22 17:35:31 Query: SELECT * FROM movie Movie  INNER JOIN movie_category ON movie.category_id = movie_category.id     
2016-07-22 17:35:33 Query: SELECT * FROM movie_category MovieCategory     
2016-07-22 17:35:33 Query: SELECT * FROM movie Movie  INNER JOIN movie_category ON movie.category_id = movie_category.id     
2016-07-22 17:35:36 Query: SELECT * FROM movie_category MovieCategory     
2016-07-22 17:35:36 Query: SELECT * FROM movie Movie  INNER JOIN movie_category ON movie.category_id = movie_category.id     
2016-07-22 17:35:38 Query: SELECT * FROM movie_category MovieCategory     
2016-07-22 17:35:38 Query: SELECT * FROM movie Movie   WHERE  Movie.id = '1'   
2016-07-22 17:35:55 Query: SELECT * FROM movie_category MovieCategory     
2016-07-22 17:35:55 Query: SELECT * FROM movie Movie   WHERE  Movie.id = '1'   
2016-07-22 17:35:55 Query: UPDATE movie SET title = 'ƒê·∫≤NG C·∫§P TH√ö C∆ØNG', open_date = '2016-07-23', description = '\"ƒê·∫≥ng C·∫•p Th√∫ C∆∞ng\" l√† b·ªô phim xoay quanh cu·ªôc s·ªëng c·ªßa nh·ªØng th√∫ c∆∞ng trong nh√† m·ªói khi ch√∫ng ta t·∫°m bi·ªát ch√∫ng ƒë·ªÉ ƒëi h·ªçc ho·∫∑c t·ªõi n∆°i l√†m vi·ªác h√†ng ng√†y. B·ªô phim c√≥ s·ª± tham gia l·ªìng ti·∫øng c·ªßa c√°c danh h√†i ƒë√¨nh ƒë√°m nh∆∞ Louis C.K., Eric Stonestreet v√† Kevin Hart.', trial_url = '2dE0XFcdjKA', duration = '99', director = 'Chris Renaud, Yarrow Cheney', actor = 'Lake Bell, Kevin Hart, Ellie Kemper', language = 'Ti·∫øng Anh - Ph·ª• ƒê·ªÅ Ti·∫øng Vi·ªát', country = 'VN', category_id = '1', created = '2016-07-22 17:35:55', modified = '2016-07-22 17:35:55'  WHERE  id = '1'
2016-07-22 17:35:55 Query: SELECT * FROM movie_category MovieCategory     
2016-07-22 17:35:55 Query: SELECT * FROM movie Movie  INNER JOIN movie_category ON movie.category_id = movie_category.id     
2016-07-22 17:36:00 Query: SELECT * FROM movie_category MovieCategory     
2016-07-22 17:36:00 Query: SELECT * FROM movie Movie  INNER JOIN movie_category ON movie.category_id = movie_category.id     
2016-07-22 17:36:02 Query: SELECT * FROM movie_category MovieCategory     
2016-07-22 17:36:02 Query: SELECT * FROM movie Movie  INNER JOIN movie_category ON movie.category_id = movie_category.id     
2016-07-22 17:36:03 Query: SELECT * FROM movie_category MovieCategory     
2016-07-22 17:36:03 Query: SELECT * FROM movie Movie  INNER JOIN movie_category ON movie.category_id = movie_category.id     
2016-07-22 17:36:03 Query: SELECT * FROM movie_category MovieCategory     
2016-07-22 17:36:03 Query: SELECT * FROM movie Movie  INNER JOIN movie_category ON movie.category_id = movie_category.id     
2016-07-22 17:36:05 Query: SELECT * FROM movie_category MovieCategory     
2016-07-22 17:36:05 Query: SELECT * FROM movie Movie  INNER JOIN movie_category ON movie.category_id = movie_category.id     
2016-07-22 17:36:07 Query: SELECT * FROM movie_category MovieCategory     
2016-07-22 17:36:07 Query: SELECT * FROM movie Movie  INNER JOIN movie_category ON movie.category_id = movie_category.id   WHERE  Movie.id = '1'   
2016-07-22 17:36:07 Query: SELECT * FROM calendar Calendar   WHERE  movie_id = '1'   
2016-07-22 17:36:10 Query: SELECT * FROM movie_category MovieCategory     
2016-07-22 17:36:10 Query: SELECT * FROM movie Movie  INNER JOIN movie_category ON movie.category_id = movie_category.id   WHERE  Movie.id = '1'   
2016-07-22 17:36:10 Query: SELECT * FROM booking Booking   WHERE  movie_id = '1' AND  day = '2016-07-22' AND  time = '12:00'   
2016-07-22 17:36:22 Query: SELECT * FROM movie_category MovieCategory     
2016-07-22 17:36:22 Query: SELECT * FROM movie Movie  INNER JOIN movie_category ON movie.category_id = movie_category.id   WHERE  Movie.id = '1'   
2016-07-22 17:36:26 Query: SELECT * FROM movie_category MovieCategory     
2016-07-22 17:36:26 Query: INSERT INTO booking (user_id, movie_id, day, time, seat, code, created) VALUES ('1', '1', '2016-07-22', '12:00', 'D_11,D_12,D_13,D_14', '1RB86', '2016-07-22 17:36:26')
2016-07-22 17:36:26 Query: SELECT LAST_INSERT_ID() AS insertID
2016-07-22 17:36:28 Query: SELECT * FROM movie_category MovieCategory     
2016-07-22 17:36:28 Query: SELECT * FROM movie Movie  INNER JOIN movie_category ON movie.category_id = movie_category.id     
2016-07-22 17:36:29 Query: SELECT * FROM movie_category MovieCategory     
2016-07-22 17:36:29 Query: SELECT * FROM movie Movie  INNER JOIN movie_category ON movie.category_id = movie_category.id   WHERE  Movie.id = '1'   
2016-07-22 17:36:29 Query: SELECT * FROM calendar Calendar   WHERE  movie_id = '1'   
2016-07-22 17:36:30 Query: SELECT * FROM movie_category MovieCategory     
2016-07-22 17:36:30 Query: SELECT * FROM movie Movie  INNER JOIN movie_category ON movie.category_id = movie_category.id   WHERE  Movie.id = '1'   
2016-07-22 17:36:30 Query: SELECT * FROM booking Booking   WHERE  movie_id = '1' AND  day = '2016-07-22' AND  time = '12:00'   
2016-07-22 17:36:35 Query: SELECT * FROM movie_category MovieCategory     
2016-07-22 17:36:35 Query: SELECT * FROM movie Movie  INNER JOIN movie_category ON movie.category_id = movie_category.id     
2016-07-22 17:36:37 Query: SELECT * FROM movie_category MovieCategory     
2016-07-22 17:36:37 Query: SELECT * FROM movie Movie  INNER JOIN movie_category ON movie.category_id = movie_category.id   WHERE  Movie.id = '1'   
2016-07-22 17:36:37 Query: SELECT * FROM calendar Calendar   WHERE  movie_id = '1'   
2016-07-22 17:36:38 Query: SELECT * FROM movie_category MovieCategory     
2016-07-22 17:36:38 Query: SELECT * FROM movie Movie  INNER JOIN movie_category ON movie.category_id = movie_category.id   WHERE  Movie.id = '1'   
2016-07-22 17:36:38 Query: SELECT * FROM booking Booking   WHERE  movie_id = '1' AND  day = '2016-07-22' AND  time = '11:00'   
2016-07-22 17:36:42 Query: SELECT * FROM movie_category MovieCategory     
2016-07-22 17:36:42 Query: SELECT * FROM movie Movie  INNER JOIN movie_category ON movie.category_id = movie_category.id   WHERE  Movie.id = '1'   
2016-07-22 17:36:44 Query: SELECT * FROM movie_category MovieCategory     
2016-07-22 17:36:44 Query: INSERT INTO booking (user_id, movie_id, day, time, seat, code, created) VALUES ('1', '1', '2016-07-22', '11:00', 'B_01,B_08', '04PTV', '2016-07-22 17:36:44')
2016-07-22 17:36:44 Query: SELECT LAST_INSERT_ID() AS insertID
2016-07-22 17:36:45 Query: SELECT * FROM movie_category MovieCategory     
2016-07-22 17:36:45 Query: SELECT * FROM movie Movie  INNER JOIN movie_category ON movie.category_id = movie_category.id     
2016-07-22 17:36:47 Query: SELECT * FROM movie_category MovieCategory     
2016-07-22 17:36:47 Query: SELECT * FROM movie Movie  INNER JOIN movie_category ON movie.category_id = movie_category.id   WHERE  Movie.id = '1'   
2016-07-22 17:36:47 Query: SELECT * FROM calendar Calendar   WHERE  movie_id = '1'   
2016-07-22 17:36:48 Query: SELECT * FROM movie_category MovieCategory     
2016-07-22 17:36:48 Query: SELECT * FROM movie Movie  INNER JOIN movie_category ON movie.category_id = movie_category.id   WHERE  Movie.id = '1'   
2016-07-22 17:36:48 Query: SELECT * FROM booking Booking   WHERE  movie_id = '1' AND  day = '2016-07-22' AND  time = '10:00'   
2016-07-22 17:36:50 Query: SELECT * FROM movie_category MovieCategory     
2016-07-22 17:36:50 Query: SELECT * FROM movie Movie  INNER JOIN movie_category ON movie.category_id = movie_category.id     
2016-07-22 17:36:52 Query: SELECT * FROM movie_category MovieCategory     
2016-07-22 17:36:52 Query: SELECT * FROM movie Movie  INNER JOIN movie_category ON movie.category_id = movie_category.id   WHERE  Movie.id = '1'   
2016-07-22 17:36:52 Query: SELECT * FROM calendar Calendar   WHERE  movie_id = '1'   
2016-07-22 17:36:53 Query: SELECT * FROM movie_category MovieCategory     
2016-07-22 17:36:53 Query: SELECT * FROM movie Movie  INNER JOIN movie_category ON movie.category_id = movie_category.id   WHERE  Movie.id = '1'   
2016-07-22 17:36:53 Query: SELECT * FROM booking Booking   WHERE  movie_id = '1' AND  day = '2016-07-22' AND  time = '11:00'   
2016-07-22 17:37:04 Query: SELECT * FROM movie_category MovieCategory     
2016-07-22 17:37:04 Query: SELECT * FROM movie Movie  INNER JOIN movie_category ON movie.category_id = movie_category.id     
2016-07-22 17:55:30 Query: SELECT * FROM movie_category MovieCategory     
2016-07-22 17:55:30 Query: SELECT * FROM movie Movie  INNER JOIN movie_category ON movie.category_id = movie_category.id   WHERE  Movie.id = '1'   
2016-07-22 17:55:30 Query: SELECT * FROM calendar Calendar   WHERE  movie_id = '1'   
2016-07-22 17:55:31 Query: SELECT * FROM movie_category MovieCategory     
2016-07-22 17:55:31 Query: SELECT * FROM movie Movie  INNER JOIN movie_category ON movie.category_id = movie_category.id   WHERE  Movie.id = '1'   
2016-07-22 17:55:31 Query: SELECT * FROM booking Booking   WHERE  movie_id = '1' AND  day = '2016-07-25' AND  time = '14:00'   
2016-07-22 18:12:04 Query: SELECT * FROM movie_category MovieCategory     
2016-07-22 18:12:04 Query: SELECT * FROM movie Movie  INNER JOIN movie_category ON movie.category_id = movie_category.id   WHERE  Movie.id = '1'   
2016-07-22 18:12:04 Query: SELECT * FROM booking Booking   WHERE  movie_id = '1' AND  day = '2016-07-25' AND  time = '14:00'   
2016-07-22 18:32:13 Query: SELECT * FROM movie_category MovieCategory     
2016-07-22 18:32:13 Query: SELECT * FROM movie Movie  INNER JOIN movie_category ON movie.category_id = movie_category.id     
2016-07-22 18:33:30 Query: SELECT * FROM user User     
2016-07-22 18:33:30 Query: SELECT * FROM user User     
2016-07-22 18:33:30 Query: SELECT * FROM user User     
2016-07-22 18:33:30 Query: SELECT * FROM user User     
2016-07-22 18:33:30 Query: SELECT * FROM user User     
2016-07-22 18:33:30 Query: SELECT * FROM user User     
2016-07-22 18:33:30 Query: SELECT * FROM user User     
2016-07-22 18:33:30 Query: SELECT * FROM user User     
2016-07-22 18:33:30 Query: SELECT * FROM user User     
2016-07-22 18:33:31 Query: SELECT * FROM user User     
2016-07-22 18:33:31 Query: SELECT * FROM user User     
2016-07-22 18:33:31 Query: SELECT * FROM user User     
2016-07-22 18:33:31 Query: SELECT * FROM user User     
2016-07-22 18:33:31 Query: SELECT * FROM user User     
2016-07-22 18:33:31 Query: SELECT * FROM user User     
2016-07-22 18:33:31 Query: SELECT * FROM user User     
2016-07-22 18:33:31 Query: SELECT * FROM user User     
2016-07-22 18:33:31 Query: SELECT * FROM user User     
2016-07-22 18:33:31 Query: SELECT * FROM user User     
2016-07-22 18:33:31 Query: SELECT * FROM user User     
2016-07-22 18:33:31 Query: SELECT * FROM user User     
2016-07-22 18:33:31 Query: SELECT * FROM user User     
2016-07-22 18:33:31 Query: SELECT * FROM user User     
2016-07-22 18:33:31 Query: SELECT * FROM user User     
2016-07-22 18:33:31 Query: SELECT * FROM user User     
2016-07-22 18:33:31 Query: SELECT * FROM user User     
2016-07-22 18:33:31 Query: SELECT * FROM user User     
2016-07-22 18:33:31 Query: SELECT * FROM user User     
2016-07-22 18:33:31 Query: SELECT * FROM user User     
2016-07-22 18:33:31 Query: SELECT * FROM user User     
2016-07-22 18:33:31 Query: SELECT * FROM user User     
2016-07-22 18:33:31 Query: SELECT * FROM user User     
2016-07-22 18:33:31 Query: SELECT * FROM user User     
2016-07-22 18:33:31 Query: SELECT * FROM user User     
2016-07-22 18:33:31 Query: SELECT * FROM user User     
2016-07-22 18:33:31 Query: SELECT * FROM user User     
2016-07-22 18:33:31 Query: SELECT * FROM user User     
2016-07-22 18:33:31 Query: SELECT * FROM user User     
2016-07-22 18:33:31 Query: SELECT * FROM user User     
2016-07-22 18:33:31 Query: SELECT * FROM user User     
2016-07-22 18:33:36 Query: SELECT * FROM user User     
2016-07-22 18:33:36 Query: SELECT * FROM user User     
2016-07-22 18:33:36 Query: SELECT * FROM user User     
2016-07-22 18:33:36 Query: SELECT * FROM user User     
2016-07-22 18:33:36 Query: SELECT * FROM user User     
2016-07-22 18:33:36 Query: SELECT * FROM user User     
2016-07-22 18:33:36 Query: SELECT * FROM user User     
2016-07-22 18:33:36 Query: SELECT * FROM user User     
2016-07-22 18:33:36 Query: SELECT * FROM user User     
2016-07-22 18:33:36 Query: SELECT * FROM user User     
2016-07-22 18:33:36 Query: SELECT * FROM user User     
2016-07-22 18:33:36 Query: SELECT * FROM user User     
2016-07-22 18:33:36 Query: SELECT * FROM user User     
2016-07-22 18:33:36 Query: SELECT * FROM user User     
2016-07-22 18:33:36 Query: SELECT * FROM user User     
2016-07-22 18:33:36 Query: SELECT * FROM user User     
2016-07-22 18:33:36 Query: SELECT * FROM user User     
2016-07-22 18:33:36 Query: SELECT * FROM user User     
2016-07-22 18:33:36 Query: SELECT * FROM user User     
2016-07-22 18:33:36 Query: SELECT * FROM user User     
2016-07-22 18:33:36 Query: SELECT * FROM user User     
2016-07-22 18:34:06 Query: SELECT * FROM user User     
2016-07-22 18:35:12 Query: SELECT * FROM movie_category MovieCategory     
2016-07-22 18:35:12 Query: SELECT * FROM movie Movie  INNER JOIN movie_category ON movie.category_id = movie_category.id     
2016-07-22 18:35:20 Query: SELECT * FROM user User   WHERE  email = 'admin' AND  password = 'c405d2d6643ef80aa147253952fa0480bdbe039a'   
2016-07-22 18:35:20 Query: SELECT * FROM user User     
2016-07-22 18:35:25 Query: SELECT * FROM user User     
2016-07-22 18:35:27 Query: SELECT * FROM movie_category MovieCategory     
2016-07-22 18:35:29 Query: SELECT * FROM movie_category MovieCategory     
2016-07-22 18:35:30 Query: SELECT * FROM movie_category MovieCategory     
2016-07-22 18:35:30 Query: SELECT * FROM movie Movie  INNER JOIN movie_category ON movie.category_id = movie_category.id     
2016-07-22 18:35:33 Query: SELECT * FROM user User     
2016-07-22 18:35:35 Query: SELECT * FROM movie_category MovieCategory     
2016-07-22 18:35:36 Query: SELECT * FROM movie_category MovieCategory     
2016-07-22 18:35:37 Query: SELECT * FROM movie_category MovieCategory     
2016-07-22 18:35:37 Query: SELECT * FROM movie Movie  INNER JOIN movie_category ON movie.category_id = movie_category.id     
2016-07-22 18:36:00 Query: SELECT * FROM user User   WHERE  email = 'admin' AND  password = 'c405d2d6643ef80aa147253952fa0480bdbe039a'   
2016-07-22 18:36:00 Query: SELECT * FROM user User     
2016-07-22 18:36:01 Query: SELECT * FROM user User     
2016-07-22 18:36:21 Query: SELECT * FROM movie_category MovieCategory     
2016-07-22 18:36:21 Query: SELECT * FROM movie Movie  INNER JOIN movie_category ON movie.category_id = movie_category.id     
2016-07-22 18:36:22 Query: SELECT * FROM movie_category MovieCategory     
2016-07-22 18:36:22 Query: SELECT * FROM movie Movie  INNER JOIN movie_category ON movie.category_id = movie_category.id   WHERE  Movie.id = '1'   
2016-07-22 18:36:22 Query: SELECT * FROM calendar Calendar   WHERE  movie_id = '1'   
2016-07-22 18:36:23 Query: SELECT * FROM movie_category MovieCategory     
2016-07-22 18:36:23 Query: SELECT * FROM movie Movie  INNER JOIN movie_category ON movie.category_id = movie_category.id   WHERE  Movie.id = '1'   
2016-07-22 18:36:23 Query: SELECT * FROM booking Booking   WHERE  movie_id = '1' AND  day = '2016-07-22' AND  time = '12:00'   
2016-07-22 18:36:52 Query: SELECT * FROM movie_category MovieCategory     
2016-07-22 18:36:52 Query: SELECT * FROM movie Movie  INNER JOIN movie_category ON movie.category_id = movie_category.id     
2016-07-22 18:36:53 Query: SELECT * FROM movie_category MovieCategory     
2016-07-22 18:36:53 Query: SELECT * FROM movie Movie  INNER JOIN movie_category ON movie.category_id = movie_category.id   WHERE  Movie.id = '1'   
2016-07-22 18:36:53 Query: SELECT * FROM calendar Calendar   WHERE  movie_id = '1'   
2016-07-22 18:36:56 Query: SELECT * FROM movie_category MovieCategory     
2016-07-22 18:36:56 Query: SELECT * FROM movie Movie  INNER JOIN movie_category ON movie.category_id = movie_category.id   WHERE  Movie.id = '1'   
2016-07-22 18:36:56 Query: SELECT * FROM booking Booking   WHERE  movie_id = '1' AND  day = '2016-07-22' AND  time = '12:00'   
2016-07-22 18:37:01 Query: SELECT * FROM user User   WHERE  email = 'admin' AND  password = 'c405d2d6643ef80aa147253952fa0480bdbe039a'   
2016-07-22 18:37:01 Query: SELECT * FROM user User     
2016-07-22 18:37:04 Query: SELECT * FROM user User     
2016-07-22 18:37:06 Query: SELECT * FROM movie_category MovieCategory     
2016-07-24 04:51:10 Query: SELECT * FROM movie_category MovieCategory     
2016-07-24 04:57:12 Query: SELECT * FROM movie_category MovieCategory     
2016-07-24 04:57:12 Query: SELECT * FROM movie Movie  INNER JOIN movie_category ON movie.category_id = movie_category.id     
2016-07-24 04:57:13 Query: SELECT * FROM movie_category MovieCategory     
2016-07-24 04:57:13 Query: SELECT * FROM movie Movie  INNER JOIN movie_category ON movie.category_id = movie_category.id     
2016-07-24 04:57:15 Query: SELECT * FROM movie_category MovieCategory     
2016-07-24 04:57:16 Query: SELECT * FROM user User     
2016-07-24 04:57:17 Query: SELECT * FROM user User     
2016-07-24 04:57:18 Query: SELECT * FROM movie_category MovieCategory     
2016-07-24 04:57:19 Query: SELECT * FROM movie_category MovieCategory     
2016-07-24 04:57:19 Query: SELECT * FROM movie Movie  INNER JOIN movie_category ON movie.category_id = movie_category.id     
2016-07-24 04:57:20 Query: SELECT * FROM movie_category MovieCategory     
2016-07-24 04:57:21 Query: SELECT * FROM user User     
2016-07-24 04:57:28 Query: SELECT * FROM movie_category MovieCategory     
2016-07-24 04:57:28 Query: SELECT * FROM movie Movie  INNER JOIN movie_category ON movie.category_id = movie_category.id     
2016-07-24 04:57:29 Query: SELECT * FROM movie_category MovieCategory     
2016-07-24 04:57:31 Query: SELECT * FROM movie_category MovieCategory     
2016-07-24 04:57:31 Query: SELECT * FROM movie Movie  INNER JOIN movie_category ON movie.category_id = movie_category.id     
2016-07-24 04:57:33 Query: SELECT * FROM movie_category MovieCategory     
2016-07-24 04:57:39 Query: SELECT * FROM movie_category MovieCategory     
2016-07-24 04:58:38 Query: SELECT * FROM movie_category MovieCategory   WHERE  MovieCategory.id = '1'   
2016-07-24 04:58:40 Query: SELECT * FROM movie_category MovieCategory     
2016-07-24 04:58:41 Query: SELECT * FROM movie_category MovieCategory   WHERE  MovieCategory.id = '2'   
2016-07-24 04:58:42 Query: SELECT * FROM movie_category MovieCategory     
2016-07-24 04:58:46 Query: SELECT * FROM movie_category MovieCategory   WHERE  MovieCategory.id = '1'   
2016-07-24 04:59:26 Query: SELECT * FROM movie_category MovieCategory     
2016-07-24 04:59:26 Query: SELECT * FROM movie Movie  INNER JOIN movie_category ON movie.category_id = movie_category.id     
2022-03-18 13:21:12 Query: SELECT * FROM movie_category MovieCategory     
2022-03-18 13:21:12 Query: SELECT * FROM movie Movie  INNER JOIN movie_category ON movie.category_id = movie_category.id     
2022-03-18 13:21:23 Query: SELECT * FROM movie_category MovieCategory     
2022-03-18 13:21:32 Query: SELECT * FROM movie_category MovieCategory     
2022-03-18 13:21:34 Query: SELECT * FROM movie_category MovieCategory     
2022-03-18 13:21:34 Query: SELECT * FROM movie Movie  INNER JOIN movie_category ON movie.category_id = movie_category.id     
2022-03-18 13:21:36 Query: SELECT * FROM movie_category MovieCategory     
2022-03-18 13:21:38 Query: SELECT * FROM user User     
2022-03-18 13:21:44 Query: SELECT * FROM movie_category MovieCategory     
2022-03-18 13:21:46 Query: SELECT * FROM movie_category MovieCategory     
2022-03-18 13:21:46 Query: SELECT * FROM movie Movie  INNER JOIN movie_category ON movie.category_id = movie_category.id     
2022-03-18 13:21:49 Query: SELECT * FROM movie_category MovieCategory     
2022-03-18 13:21:50 Query: SELECT * FROM user User     
2022-03-18 13:22:21 Query: SELECT * FROM user User     
2022-03-18 13:24:04 Query: INSERT INTO user (email, password, fullname, address, created, modified) VALUES ('trantrungtruc@gmail.com', '9bb4cbc57ae73e58027ca488491fc567f29011dd', 'Trung', '347/12/16 B√¨nh Th·∫°nh', '2022-03-18 13:24:04', '2022-03-18 13:24:04')
2022-03-18 13:24:04 Query: SELECT LAST_INSERT_ID() AS insertID
2022-03-18 13:24:04 Query: SELECT * FROM movie_category MovieCategory     
2022-03-18 13:24:04 Query: SELECT * FROM movie Movie  INNER JOIN movie_category ON movie.category_id = movie_category.id     
2022-03-18 13:24:09 Query: SELECT * FROM movie_category MovieCategory     
2022-03-18 13:24:39 Query: SELECT * FROM user User     
2022-03-18 23:17:43 Query: SELECT * FROM user User     
2022-03-18 23:18:01 Query: SELECT * FROM user User     
2022-03-18 23:18:02 Query: SELECT * FROM user User     
2022-03-18 23:18:03 Query: SELECT * FROM user User     
2022-03-18 23:18:04 Query: SELECT * FROM movie_category MovieCategory     
2022-03-18 23:18:04 Query: SELECT * FROM movie Movie  INNER JOIN movie_category ON movie.category_id = movie_category.id     
2022-03-18 23:18:05 Query: SELECT * FROM movie_category MovieCategory     
2022-03-18 23:19:12 Query: SELECT * FROM movie_category MovieCategory     
2022-03-18 23:19:12 Query: INSERT INTO movie (title, open_date, description, trial_url, duration, director, actor, language, country, created, modified) VALUES ('sadfasf', '2022-03-11', 'sadffsd', 'yumZ3QyyIgo', '46', 'gsafg', 'sadfsdf', 'VietNam', 'AZ', '2022-03-18 23:19:12', '2022-03-18 23:19:12')
2022-03-18 23:19:12 Query: SELECT LAST_INSERT_ID() AS insertID
2022-03-18 23:19:12 Query: SELECT * FROM movie_category MovieCategory     
2022-03-18 23:19:12 Query: SELECT * FROM movie Movie  INNER JOIN movie_category ON movie.category_id = movie_category.id     
2022-03-18 23:19:15 Query: SELECT * FROM movie_category MovieCategory     
2022-03-18 23:19:20 Query: SELECT * FROM movie_category MovieCategory     
2022-03-18 23:19:21 Query: SELECT * FROM movie_category MovieCategory     
2022-03-18 23:19:24 Query: SELECT * FROM movie_category MovieCategory     
2022-03-18 23:19:25 Query: SELECT * FROM movie_category MovieCategory     
2022-03-19 01:40:36 Query: SELECT * FROM movie_category MovieCategory     
2022-03-19 01:52:49 Query: SELECT * FROM movie_category MovieCategory     
2022-03-19 01:52:51 Query: SELECT * FROM user User     
2022-03-19 01:52:52 Query: SELECT * FROM movie_category MovieCategory     
2022-03-19 01:52:53 Query: SELECT * FROM movie_category MovieCategory     
2022-03-19 01:52:53 Query: SELECT * FROM movie Movie  INNER JOIN movie_category ON movie.category_id = movie_category.id     
2022-03-19 01:52:54 Query: SELECT * FROM movie_category MovieCategory     
2022-03-19 01:52:54 Query: SELECT * FROM movie Movie  INNER JOIN movie_category ON movie.category_id = movie_category.id     
2022-03-19 01:52:56 Query: SELECT * FROM movie_category MovieCategory     
2022-03-19 01:53:11 Query: SELECT * FROM movie_category MovieCategory     
2022-03-19 01:53:11 Query: SELECT * FROM movie_category MovieCategory     
2022-03-19 01:53:11 Query: SELECT * FROM movie Movie  INNER JOIN movie_category ON movie.category_id = movie_category.id     
2022-03-20 01:18:07 Query: SELECT * FROM movie_category MovieCategory     
2022-03-20 01:18:07 Query: SELECT * FROM movie Movie  INNER JOIN movie_category ON movie.category_id = movie_category.id     
2022-03-20 01:18:10 Query: SELECT * FROM movie_category MovieCategory     
2022-03-20 01:18:26 Query: SELECT * FROM movie_category MovieCategory     
2022-03-20 01:18:26 Query: SELECT * FROM movie Movie  INNER JOIN movie_category ON movie.category_id = movie_category.id     
2022-03-20 01:43:40 Query: SELECT * FROM movie_category MovieCategory     
